<?xml version="1.0" encoding="UTF-8"?>
<!-- Generated by org.testng.reporters.JUnitReportReporter -->
<testsuite skipped="0" hostname="Rahuls-MacBook-Pro.local" name="com.auto.qa.Testcases.HomeTest" tests="6" failures="0" timestamp="2020-06-19T19:21:40 BST" time="131.564" errors="0">
  <testcase name="titletest" time="79.103" classname="com.auto.qa.Testcases.HomeTest"/>
  <system-out/>
  <testcase name="searchBarTest" time="12.452" classname="com.auto.qa.Testcases.HomeTest"/>
  <system-out/>
  <testcase name="womanLabel" time="8.881" classname="com.auto.qa.Testcases.HomeTest"/>
  <system-out/>
  <testcase name="dressLabel" time="11.862" classname="com.auto.qa.Testcases.HomeTest"/>
  <system-out/>
  <testcase name="tshirtLabel" time="10.373" classname="com.auto.qa.Testcases.HomeTest"/>
  <system-out/>
  <testcase name="nLetter" time="8.893" classname="com.auto.qa.Testcases.HomeTest"/>
  <system-out/>
</testsuite> <!-- com.auto.qa.Testcases.HomeTest -->
